<?xml version="1.0" encoding="UTF-8"?>
<testng-results ignored="0" total="2" passed="2" failed="0" skipped="0">
  <reporter-output>
  </reporter-output>
  <suite started-at="2024-04-05T12:09:41 IST" name="Default suite" finished-at="2024-04-05T12:09:49 IST" duration-ms="8386">
    <groups>
    </groups>
    <test started-at="2024-04-05T12:09:41 IST" name="Default test" finished-at="2024-04-05T12:09:49 IST" duration-ms="8386">
      <class name="com.Pratices.xpath.Testcase.TC_003_dropDown">
        <test-method is-config="true" signature="setup()[pri:0, instance:com.Pratices.xpath.Testcase.TC_003_dropDown@16610890]" started-at="2024-04-05T12:09:41 IST" name="setup" finished-at="2024-04-05T12:09:49 IST" duration-ms="7880" status="PASS">
          <reporter-output>
          </reporter-output>
        </test-method> <!-- setup -->
        <test-method signature="clickDropDownList()[pri:0, instance:com.Pratices.xpath.Testcase.TC_003_dropDown@16610890]" started-at="2024-04-05T12:09:49 IST" name="clickDropDownList" finished-at="2024-04-05T12:09:49 IST" duration-ms="327" status="PASS">
          <reporter-output>
          </reporter-output>
        </test-method> <!-- clickDropDownList -->
        <test-method signature="dropDownList()[pri:0, instance:com.Pratices.xpath.Testcase.TC_003_dropDown@16610890]" started-at="2024-04-05T12:09:49 IST" name="dropDownList" finished-at="2024-04-05T12:09:49 IST" duration-ms="124" status="PASS">
          <reporter-output>
          </reporter-output>
        </test-method> <!-- dropDownList -->
      </class> <!-- com.Pratices.xpath.Testcase.TC_003_dropDown -->
    </test> <!-- Default test -->
  </suite> <!-- Default suite -->
</testng-results>
